  app.cpp
D:\dev\terrain-generator\code\app.cpp(38,17): warning C4244: 'initializing': conversion from 'double' to 'u32', possible loss of data
D:\dev\terrain-generator\code\app.cpp(90,33): warning C4018: '<': signed/unsigned mismatch
D:\dev\terrain-generator\code\app.cpp(105,36): warning C4244: '=': conversion from 'u32' to 'real32', possible loss of data
D:\dev\terrain-generator\code\app.cpp(107,36): warning C4244: '=': conversion from 'u32' to 'real32', possible loss of data
D:\dev\terrain-generator\code\app.cpp(373,92): warning C4244: 'argument': conversion from 'u32' to 'const real32', possible loss of data
D:\dev\terrain-generator\code\app.cpp(373,33): warning C4244: 'argument': conversion from 'u32' to 'const real32', possible loss of data
D:\dev\terrain-generator\code\app.cpp(386,28): warning C4244: 'argument': conversion from 'u32' to 'float', possible loss of data
D:\dev\terrain-generator\code\app.cpp(386,19): warning C4244: '=': conversion from 'float' to 's32', possible loss of data
D:\dev\terrain-generator\code\app.cpp(389,16): warning C4018: '>=': signed/unsigned mismatch
D:\dev\terrain-generator\code\app.cpp(446,85): warning C4267: 'argument': conversion from 'size_t' to 'GLsizei', possible loss of data
D:\dev\terrain-generator\code\app.cpp(475,86): warning C4267: 'argument': conversion from 'size_t' to 'GLsizei', possible loss of data
D:\dev\terrain-generator\code\app.cpp(507,84): warning C4267: 'argument': conversion from 'size_t' to 'GLsizei', possible loss of data
D:\dev\terrain-generator\code\app.cpp(539,74): warning C4244: 'argument': conversion from 'u64' to '_Ty', possible loss of data
          with
          [
              _Ty=int
          ]
D:\dev\terrain-generator\code\app.cpp(581,74): warning C4244: 'argument': conversion from 'u64' to '_Ty', possible loss of data
          with
          [
              _Ty=int
          ]
D:\dev\terrain-generator\code\app.cpp(854,14): warning C4244: 'initializing': conversion from 'u64' to 'u32', possible loss of data
D:\dev\terrain-generator\code\app.cpp(855,14): warning C4244: 'initializing': conversion from 'u64' to 'u32', possible loss of data
D:\dev\terrain-generator\code\app.cpp(856,14): warning C4244: 'initializing': conversion from 'u64' to 'u32', possible loss of data
D:\dev\terrain-generator\code\app.cpp(859,14): warning C4244: 'initializing': conversion from 'u64' to 'u32', possible loss of data
D:\dev\terrain-generator\code\app.cpp(860,14): warning C4244: 'initializing': conversion from 'u64' to 'u32', possible loss of data
D:\dev\terrain-generator\code\app.cpp(861,14): warning C4244: 'initializing': conversion from 'u64' to 'u32', possible loss of data
D:\dev\terrain-generator\code\app.cpp(949,51): warning C4267: '+=': conversion from 'size_t' to 'u32', possible loss of data
D:\dev\terrain-generator\code\app.cpp(1018,52): warning C4267: '+=': conversion from 'size_t' to 'u32', possible loss of data
D:\dev\terrain-generator\code\app.cpp(1091,50): warning C4267: '+=': conversion from 'size_t' to 'u32', possible loss of data
D:\dev\terrain-generator\code\app.cpp(1153,129): warning C4244: 'argument': conversion from 'u32' to 'real32', possible loss of data
D:\dev\terrain-generator\code\app.cpp(1153,70): warning C4244: 'argument': conversion from 'u32' to 'real32', possible loss of data
D:\dev\terrain-generator\code\app.cpp(1250,80): warning C4244: 'argument': conversion from 'u32' to 'const real32', possible loss of data
D:\dev\terrain-generator\code\app.cpp(1250,29): warning C4244: 'argument': conversion from 'u32' to 'const real32', possible loss of data
D:\dev\terrain-generator\code\app.cpp(1278,41): warning C4267: '=': conversion from 'size_t' to 'u32', possible loss of data
D:\dev\terrain-generator\code\app.cpp(1309,128): warning C4244: 'argument': conversion from 'u32' to 'real32', possible loss of data
D:\dev\terrain-generator\code\app.cpp(1309,69): warning C4244: 'argument': conversion from 'u32' to 'real32', possible loss of data
D:\dev\terrain-generator\code\app.cpp(1446,117): warning C4244: 'argument': conversion from 'u32' to 'const real32', possible loss of data
D:\dev\terrain-generator\code\app.cpp(1446,49): warning C4244: 'argument': conversion from 'u32' to 'const real32', possible loss of data
D:\dev\terrain-generator\code\app.cpp(1447,56): warning C4244: 'argument': conversion from 'u32' to 'const real32', possible loss of data
D:\dev\terrain-generator\code\app.cpp(1447,25): warning C4244: 'argument': conversion from 'u32' to 'const real32', possible loss of data
D:\dev\terrain-generator\code\app.cpp(1504,58): warning C4244: '+=': conversion from 'u64' to 'u32', possible loss of data
D:\dev\terrain-generator\code\app.cpp(1511,30): warning C4244: 'argument': conversion from 'u32' to 'float', possible loss of data
D:\dev\terrain-generator\code\app.cpp(1515,52): warning C4244: '=': conversion from 'u32' to 'real32', possible loss of data
D:\dev\terrain-generator\code\app.cpp(1518,18): warning C4244: '=': conversion from 'real32' to 'u32', possible loss of data
D:\dev\terrain-generator\code\app.cpp(1618,43): warning C4267: '=': conversion from 'size_t' to 'u32', possible loss of data
D:\dev\terrain-generator\code\app.cpp(1729,126): warning C4305: 'argument': truncation from 'double' to 'float'
D:\dev\terrain-generator\code\app.cpp(1847,162): warning C4267: 'argument': conversion from 'size_t' to 'int', possible loss of data
D:\dev\terrain-generator\code\app.cpp(1857,162): warning C4267: 'argument': conversion from 'size_t' to 'int', possible loss of data
D:\dev\terrain-generator\code\app.cpp(1944,60): warning C4267: 'initializing': conversion from 'size_t' to 'u32', possible loss of data
D:\dev\terrain-generator\code\app.cpp(2108,71): warning C4244: '=': conversion from 'real32' to 'u32', possible loss of data
D:\dev\terrain-generator\code\app.cpp(2109,71): warning C4244: '=': conversion from 'real32' to 'u32', possible loss of data
D:\dev\terrain-generator\code\app.cpp(2112,71): warning C4244: '=': conversion from 'real32' to 'u32', possible loss of data
D:\dev\terrain-generator\code\app.cpp(2113,71): warning C4244: '=': conversion from 'real32' to 'u32', possible loss of data
D:\dev\terrain-generator\code\app.cpp(2135,36): warning C4305: '=': truncation from 'double' to 'real32'
  Generating code
  28 of 2460 functions ( 1.1%) were compiled, the rest were copied from previous compilation.
    0 functions were new in current compilation
    25 functions had inline decision re-evaluated but remain unchanged
  Finished generating code
  terrain-generator.vcxproj -> D:\dev\terrain-generator\build\x64\Release\terrain-generator.exe
