  app.cpp
D:\dev\terrain-generator\code\app.cpp(38,17): warning C4244: 'initializing': conversion from 'double' to 'u32', possible loss of data
D:\dev\terrain-generator\code\app.cpp(90,33): warning C4018: '<': signed/unsigned mismatch
D:\dev\terrain-generator\code\app.cpp(105,36): warning C4244: '=': conversion from 'u32' to 'real32', possible loss of data
D:\dev\terrain-generator\code\app.cpp(107,36): warning C4244: '=': conversion from 'u32' to 'real32', possible loss of data
D:\dev\terrain-generator\code\app.cpp(373,92): warning C4244: 'argument': conversion from 'u32' to 'const real32', possible loss of data
D:\dev\terrain-generator\code\app.cpp(373,33): warning C4244: 'argument': conversion from 'u32' to 'const real32', possible loss of data
D:\dev\terrain-generator\code\app.cpp(386,28): warning C4244: 'argument': conversion from 'u32' to 'float', possible loss of data
D:\dev\terrain-generator\code\app.cpp(386,19): warning C4244: '=': conversion from 'float' to 's32', possible loss of data
D:\dev\terrain-generator\code\app.cpp(389,16): warning C4018: '>=': signed/unsigned mismatch
D:\dev\terrain-generator\code\app.cpp(459,85): warning C4267: 'argument': conversion from 'size_t' to 'GLsizei', possible loss of data
D:\dev\terrain-generator\code\app.cpp(488,86): warning C4267: 'argument': conversion from 'size_t' to 'GLsizei', possible loss of data
D:\dev\terrain-generator\code\app.cpp(520,84): warning C4267: 'argument': conversion from 'size_t' to 'GLsizei', possible loss of data
D:\dev\terrain-generator\code\app.cpp(552,74): warning C4244: 'argument': conversion from 'u64' to '_Ty', possible loss of data
          with
          [
              _Ty=int
          ]
D:\dev\terrain-generator\code\app.cpp(594,74): warning C4244: 'argument': conversion from 'u64' to '_Ty', possible loss of data
          with
          [
              _Ty=int
          ]
D:\dev\terrain-generator\code\app.cpp(867,14): warning C4244: 'initializing': conversion from 'u64' to 'u32', possible loss of data
D:\dev\terrain-generator\code\app.cpp(868,14): warning C4244: 'initializing': conversion from 'u64' to 'u32', possible loss of data
D:\dev\terrain-generator\code\app.cpp(869,14): warning C4244: 'initializing': conversion from 'u64' to 'u32', possible loss of data
D:\dev\terrain-generator\code\app.cpp(872,14): warning C4244: 'initializing': conversion from 'u64' to 'u32', possible loss of data
D:\dev\terrain-generator\code\app.cpp(873,14): warning C4244: 'initializing': conversion from 'u64' to 'u32', possible loss of data
D:\dev\terrain-generator\code\app.cpp(874,14): warning C4244: 'initializing': conversion from 'u64' to 'u32', possible loss of data
D:\dev\terrain-generator\code\app.cpp(1009,80): warning C4244: 'argument': conversion from 'u32' to 'const real32', possible loss of data
D:\dev\terrain-generator\code\app.cpp(1009,29): warning C4244: 'argument': conversion from 'u32' to 'const real32', possible loss of data
D:\dev\terrain-generator\code\app.cpp(1038,41): warning C4267: '=': conversion from 'size_t' to 'u32', possible loss of data
D:\dev\terrain-generator\code\app.cpp(1260,58): warning C4244: '+=': conversion from 'u64' to 'u32', possible loss of data
D:\dev\terrain-generator\code\app.cpp(1267,30): warning C4244: 'argument': conversion from 'u32' to 'float', possible loss of data
D:\dev\terrain-generator\code\app.cpp(1271,52): warning C4244: '=': conversion from 'u32' to 'real32', possible loss of data
D:\dev\terrain-generator\code\app.cpp(1274,18): warning C4244: '=': conversion from 'real32' to 'u32', possible loss of data
D:\dev\terrain-generator\code\app.cpp(1372,43): warning C4267: '=': conversion from 'size_t' to 'u32', possible loss of data
D:\dev\terrain-generator\code\app.cpp(1483,126): warning C4305: 'argument': truncation from 'double' to 'float'
D:\dev\terrain-generator\code\app.cpp(1601,162): warning C4267: 'argument': conversion from 'size_t' to 'int', possible loss of data
D:\dev\terrain-generator\code\app.cpp(1611,162): warning C4267: 'argument': conversion from 'size_t' to 'int', possible loss of data
D:\dev\terrain-generator\code\app.cpp(1698,60): warning C4267: 'initializing': conversion from 'size_t' to 'u32', possible loss of data
D:\dev\terrain-generator\code\app.cpp(1862,71): warning C4244: '=': conversion from 'real32' to 'u32', possible loss of data
D:\dev\terrain-generator\code\app.cpp(1863,71): warning C4244: '=': conversion from 'real32' to 'u32', possible loss of data
D:\dev\terrain-generator\code\app.cpp(1866,71): warning C4244: '=': conversion from 'real32' to 'u32', possible loss of data
D:\dev\terrain-generator\code\app.cpp(1867,71): warning C4244: '=': conversion from 'real32' to 'u32', possible loss of data
D:\dev\terrain-generator\code\app.cpp(1889,36): warning C4305: '=': truncation from 'double' to 'real32'
  terrain-generator.vcxproj -> D:\dev\terrain-generator\build\x64\Debug\terrain-generator.exe
